<?xml version="1.0" encoding="UTF-8"?>
<testsuite name="ro.ubb.catalog.web.controller.ClientControllerTest" tests="1" skipped="0" failures="0" errors="0" timestamp="2021-05-21T13:52:55" hostname="DESKTOP-FGTU247" time="2.591">
  <properties/>
  <testcase name="getClients" classname="ro.ubb.catalog.web.controller.ClientControllerTest" time="2.591"/>
  <system-out><![CDATA[2021-05-21T16:52:57,930 TRACE [Test worker]: ClientController                     - getAllClients - method entered 
[{"id":2,"name":"c2","dateOfBirth":null,"address":null,"gunTypes":null},{"id":1,"name":"c1","dateOfBirth":null,"address":null,"gunTypes":null}]
]]></system-out>
  <system-err><![CDATA[]]></system-err>
</testsuite>
